<?xml version="1.0" encoding="UTF-8"?>
<testng-results ignored="0" total="2" passed="2" failed="0" skipped="0">
  <reporter-output>
  </reporter-output>
  <suite started-at="2025-07-08T16:55:44 IST" name="Suite" finished-at="2025-07-08T16:56:04 IST" duration-ms="19893">
    <groups>
      <group name="Master">
        <method signature="TC001_AccoutRegistratonTest.verifyAccountRegistration()[pri:0, instance:org.testCases.TC001_AccoutRegistratonTest@273444fe]" name="verifyAccountRegistration" class="org.testCases.TC001_AccoutRegistratonTest"/>
        <method signature="TC002_LoginTest.verifyLogin()[pri:0, instance:org.testCases.TC002_LoginTest@353352b6]" name="verifyLogin" class="org.testCases.TC002_LoginTest"/>
      </group> <!-- Master -->
      <group name="Sanity">
        <method signature="TC002_LoginTest.verifyLogin()[pri:0, instance:org.testCases.TC002_LoginTest@353352b6]" name="verifyLogin" class="org.testCases.TC002_LoginTest"/>
      </group> <!-- Sanity -->
      <group name="Regression">
        <method signature="TC001_AccoutRegistratonTest.verifyAccountRegistration()[pri:0, instance:org.testCases.TC001_AccoutRegistratonTest@273444fe]" name="verifyAccountRegistration" class="org.testCases.TC001_AccoutRegistratonTest"/>
      </group> <!-- Regression -->
    </groups>
    <test started-at="2025-07-08T16:55:44 IST" name="Test" finished-at="2025-07-08T16:56:04 IST" duration-ms="19893">
      <class name="org.testCases.TC002_LoginTest">
        <test-method is-config="true" signature="setup(java.lang.String,java.lang.String)[pri:0, instance:org.testCases.TC002_LoginTest@353352b6]" started-at="2025-07-08T16:55:56 IST" name="setup" finished-at="2025-07-08T16:56:01 IST" duration-ms="5368" status="PASS">
          <params>
            <param index="0">
              <value>
                <![CDATA[Windows]]>
              </value>
            </param>
            <param index="1">
              <value>
                <![CDATA[chrome]]>
              </value>
            </param>
          </params>
          <reporter-output>
          </reporter-output>
        </test-method> <!-- setup -->
        <test-method signature="verifyLogin()[pri:0, instance:org.testCases.TC002_LoginTest@353352b6]" started-at="2025-07-08T16:56:01 IST" name="verifyLogin" finished-at="2025-07-08T16:56:03 IST" duration-ms="2102" status="PASS">
          <reporter-output>
          </reporter-output>
        </test-method> <!-- verifyLogin -->
        <test-method is-config="true" signature="tearDown()[pri:0, instance:org.testCases.TC002_LoginTest@353352b6]" started-at="2025-07-08T16:56:03 IST" name="tearDown" finished-at="2025-07-08T16:56:04 IST" duration-ms="390" status="PASS">
          <reporter-output>
          </reporter-output>
        </test-method> <!-- tearDown -->
      </class> <!-- org.testCases.TC002_LoginTest -->
      <class name="org.testCases.TC001_AccoutRegistratonTest">
        <test-method is-config="true" signature="setup(java.lang.String,java.lang.String)[pri:0, instance:org.testCases.TC001_AccoutRegistratonTest@273444fe]" started-at="2025-07-08T16:55:44 IST" name="setup" finished-at="2025-07-08T16:55:53 IST" duration-ms="8076" status="PASS">
          <params>
            <param index="0">
              <value>
                <![CDATA[Windows]]>
              </value>
            </param>
            <param index="1">
              <value>
                <![CDATA[chrome]]>
              </value>
            </param>
          </params>
          <reporter-output>
          </reporter-output>
        </test-method> <!-- setup -->
        <test-method signature="verifyAccountRegistration()[pri:0, instance:org.testCases.TC001_AccoutRegistratonTest@273444fe]" started-at="2025-07-08T16:55:53 IST" name="verifyAccountRegistration" finished-at="2025-07-08T16:55:55 IST" duration-ms="2960" status="PASS">
          <reporter-output>
          </reporter-output>
        </test-method> <!-- verifyAccountRegistration -->
        <test-method is-config="true" signature="tearDown()[pri:0, instance:org.testCases.TC001_AccoutRegistratonTest@273444fe]" started-at="2025-07-08T16:55:56 IST" name="tearDown" finished-at="2025-07-08T16:55:56 IST" duration-ms="307" status="PASS">
          <reporter-output>
          </reporter-output>
        </test-method> <!-- tearDown -->
      </class> <!-- org.testCases.TC001_AccoutRegistratonTest -->
    </test> <!-- Test -->
  </suite> <!-- Suite -->
</testng-results>
